Build started 11/05/2013 16:40:29.
     1>Project "C:\Users\Currys\Documents\Visual Studio 2010\Projects\Hashes\Hashes\Hashes.vcxproj" on node 2 (build target(s)).
     1>InitializeBuildStatus:
         Creating "Debug\Hashes.unsuccessfulbuild" because "AlwaysCreate" was specified.
       ClCompile:
         C:\Program Files (x86)\Microsoft Visual Studio 10.0\VC\bin\CL.exe /c /ZI /nologo /W3 /WX- /Od /Oy- /D WIN32 /D _DEBUG /D _CONSOLE /D _UNICODE /D UNICODE /Gm /EHsc /RTC1 /MDd /GS /fp:precise /Zc:wchar_t /Zc:forScope /Fo"Debug\\" /Fd"Debug\vc100.pdb" /Gd /TP /analyze- /errorReport:prompt Hashes.cpp
         Hashes.cpp
     1>c:\users\currys\documents\visual studio 2010\projects\hashes\hashes\hashes.h(117): warning C4996: 'strcpy': This function or variable may be unsafe. Consider using strcpy_s instead. To disable deprecation, use _CRT_SECURE_NO_WARNINGS. See online help for details.
                 c:\program files (x86)\microsoft visual studio 10.0\vc\include\string.h(105) : see declaration of 'strcpy'
     1>c:\users\currys\documents\visual studio 2010\projects\hashes\hashes\hashes.h(121): warning C4996: 'strcpy': This function or variable may be unsafe. Consider using strcpy_s instead. To disable deprecation, use _CRT_SECURE_NO_WARNINGS. See online help for details.
                 c:\program files (x86)\microsoft visual studio 10.0\vc\include\string.h(105) : see declaration of 'strcpy'
       ManifestResourceCompile:
         All outputs are up-to-date.
       Link:
         C:\Program Files (x86)\Microsoft Visual Studio 10.0\VC\bin\link.exe /ERRORREPORT:PROMPT /OUT:"C:\Users\Currys\Documents\Visual Studio 2010\Projects\Hashes\Debug\Hashes.exe" /INCREMENTAL /NOLOGO kernel32.lib user32.lib gdi32.lib winspool.lib comdlg32.lib advapi32.lib shell32.lib ole32.lib oleaut32.lib uuid.lib odbc32.lib odbccp32.lib /MANIFEST /ManifestFile:"Debug\Hashes.exe.intermediate.manifest" /MANIFESTUAC:"level='asInvoker' uiAccess='false'" /DEBUG /PDB:"C:\Users\Currys\Documents\Visual Studio 2010\Projects\Hashes\Debug\Hashes.pdb" /SUBSYSTEM:CONSOLE /TLBID:1 /DYNAMICBASE /NXCOMPAT /IMPLIB:"C:\Users\Currys\Documents\Visual Studio 2010\Projects\Hashes\Debug\Hashes.lib" /MACHINE:X86 Debug\Hashes.exe.embed.manifest.res
         Debug\Hashes.obj
         LINK : C:\Users\Currys\Documents\Visual Studio 2010\Projects\Hashes\Debug\Hashes.exe not found or not built by the last incremental link; performing full link
     1>LINK : fatal error LNK1104: cannot open file 'C:\Users\Currys\Documents\Visual Studio 2010\Projects\Hashes\Debug\Hashes.exe'
     1>Done Building Project "C:\Users\Currys\Documents\Visual Studio 2010\Projects\Hashes\Hashes\Hashes.vcxproj" (build target(s)) -- FAILED.

Build FAILED.

Time Elapsed 00:00:01.43
